RRRRRRRRRRRRRRRPSRPPPPPRSSSSSSSS
RRRRRRRRRRRRPPPPPPPPSSSSSSSSSSSS
RRRRRRRRRRRRRRRPRRRRRPSSSSSSSSSS
RRRRRRRRRRRRRRRPRRRRRRRPPPPPPPPS
RRRRRRRRRRRRRRRPRRPPPPPPPSSSSSSS
RRRRRRRRRRRRRRRPRRRRRPPPPPPPPSSS
RRRRRRRRRRRRRRRPRRRRRRRPRRRPPPPS
RRPPPPPPPPPPPPPPPPPSSSSSSSSSSSSS
RRRRRRRRRRRRRRRPRRRRRPPPPPPPPPSS
RRRRRRRRRRRRRRRPRRRPPPPPPSSSSSSS
RRRRRRRRRRRRRRRPRRPPSSSSSSSSSSSS
RRRRRRRRRRRPPPPPPPPPPPPPPSSSSSSS
RRRRRRRRRRRRPPPPPPPPPPPPPPSSSSSS
RRRRRRRRRRRRRRRPRRRRRRRPSRPRSSSS
RRRRRRRRRRRRRRRPRRRRRRRPRRRPRPPS
RRRRRRRRRRRRRRRPRRPPPPPPPSSSSSSS
RRRRRRRRRRRRRRRPSRRRPRSSSSSSSSSS
RRRRRRRRRRRRRRRPRRRRRRRPSRPRSSSS
RRRRRRRRRRRRRRRPRRRRRRRPRPPPPPPS
RRRRRRRRRRRRRRRPRRRRRRRPRPPPPSSS
RRRRRPPPPPPPPPPPSSSSSSSSSSSSSSSS
RRRRRRRRRRRRRRRPRRRRRRRPPPPSSSSS
RRRRRRRRRPPPPPPPPSSSSSSSSSSSSSSS
RRRRRRRRRRRRRRRPRRRRRRRPPPPPPPSS
RRRRRRRRRRRPPPPPPPPSSSSSSSSSSSSS
RRRRRRRRRRRRRRRPSRRPPPPRSSSSSSSS
RRRRRRRRRRPPPPPPPPSSSSSSSSSSSSSS
SRRPPPPPPPPPPRSSSSSSSSSSSSSSSSSS
RRRRRRRRRRRRRRRPRRPPSSSSSSSSSSSS
RRRRRRRRRRRRRRRPRRRRRRPPPSSSSSSS
SRRRRPPPPPPRSSSSSSSSSSSSSSSSSSSS
RRRRRRRRRRRRRRRPRRRRRRRPSSSSSSSS
RRRRRRRRRRRRRRRPSRPPPRSSSSSSSSSS
RRRRRRRRRRRRRRPPPPPPPPPSSSSSSSSS
RPPPPPPPPPPPPPPPPPPPPPPPPPPPPPPS
RRRRRRRRRRRRRRRPRRRRRRRPRRPPPPSS
RRRRRPSSSSSSSSSSSSSSSSSSSSSSSSSS
SRPPPPPPPPPRSSSSSSSSSSSSSSSSSSSS
RRRRRRRRRRRRRRRPRRPPPPSSSSSSSSSS
RRRRRRRRRRRRRRRPRRRRRRRPRPPPPPSS
RRRRRRRRRRRRRRRPPPPPPPPPPPPPPSSS
RRRRRRRPPPPPPPPPPPPPPSSSSSSSSSSS
RRRRRRRRRRRRRRRPRRRRRPPPPPPPPPPS
RRRRRRRRRRRPPPPPPPPPPPPPPPSSSSSS
RRRRRRRRRRRRRRRPSRRRRPPRSSSSSSSS
RRRRRRRRRRRRRRRPRRRRRRRPRPSSSSSS
RRRRRRRRRRPPSSSSSSSSSSSSSSSSSSSS
RRRRRRRRRRRRRRRPRRRRRRRPRPPPPSSS
RPPPPPSSSSSSSSSSSSSSSSSSSSSSSSSS
RRRRRRRRRRRRRRRPRRRRRRRPSSSSSSSS
