RRRRRRRRRRRRRRRPSRRRRPPRSSSSSSSS
RPPPPPPPPPPPPPSSSSSSSSSSSSSSSSSS
RRRRRRRRRRRRRRRPRRRRRRRPRRRPPPSS
SRRPPPPRSSSSSSSSSSSSSSSSSSSSSSSS
RRRRRRRRRRRRRRRPRRRRRRRPRRPPPSSS
SRRRRRPPPPPPPRSSSSSSSSSSSSSSSSSS
RRRRRRRRRRRRRRRPRRRRRRRPRRRPPSSS
RRRRRRRRRRRRRRRPRPPPPPPPPPSSSSSS
RRRRRRRRRRRRRRRPRPPPPPPPSSSSSSSS
RRRRRRRRRRRRRRRPRRRRRRPPPPPPPSSS
RPPPPPPPPPPPPPPPPPSSSSSSSSSSSSSS
RRRPPPPPSSSSSSSSSSSSSSSSSSSSSSSS
SRRRRRRRPRSSSSSSSSSSSSSSSSSSSSSS
RRRRRRRRRRRRRRRPRRRRPPPPPPPPPSSS
RRRRRRRRRRRRRRRPRRRRRRRPRRRPRPSS
RRRRRRRRRPPPPPPPPPPPPPSSSSSSSSSS
RRRRRRRRRRRPSSSSSSSSSSSSSSSSSSSS
RRRRRRRRRRRPPPPPPPPPPPPPPPPPPPSS
SRRPPPPPPPPPPPPRSSSSSSSSSSSSSSSS
RRRRRRRRRRRRRRRPRRRRRRRPRRPPSSSS
RRRRRRRRRRPPPPPPPPPPPPPPPPPPSSSS
RRRRRRRRRRRRRRRPRRPPPPSSSSSSSSSS
RRRRRRRRRRRRRRRPRRRRPPSSSSSSSSSS
RRRRRRRRRRRRPPPPPPPPPPPPPPPPPPPS
RRRRRRRRRRRRRRRPRRPPPPPPPPPPPPSS
RRRRRRRRRRRRRRRPRRRRRRRPRPSSSSSS
RRRRRRRRRRRRRRPPPPPPPPPPPPPPSSSS
RRRRRRRRRRRRRRRPRRRRRRPPPPPPPPPS
RRRRRRRRRRRPPPPPPPPPPPPPPPSSSSSS
RRRRRRRRRRRRRRPPPPPPPSSSSSSSSSSS
RRRRRRRRRRRRRRRPSPPPPRSSSSSSSSSS
RRRRRRRRRRRRRRRPRRRRRPPPPSSSSSSS
RRRRRRRRRPPPPPPPSSSSSSSSSSSSSSSS
RRRRRRRRRRRRRRRPRRRRPPSSSSSSSSSS
RRRRRRRRRRRRRRRPPPPPPPPPPPPPPSSS
RRRRRPPPPPPPPPPPPPPPPPPPPPPSSSSS
RRRRRPPPPPPPPPPPPPPPPPSSSSSSSSSS
RRRRRRRRRRPPPPPPPPPPPPPPPPPPPPPS
RRRRRRRRRRRRRRRPRPPPPPPPPPPPPSSS
RRRRRRRRRRRRRRRPRRRRPPSSSSSSSSSS
RRRRRRRRRRRRRRRPSSSSSSSSSSSSSSSS
RRRRRRRRRRRPPPPPPPPPPPPPPPPPPPPS
RRRRRRRRRRRRRRRPRRRRPPPPSSSSSSSS
RRRRRRRRRRRRRRRPRPPPSSSSSSSSSSSS
RRRRRRRRRRRRRRRPRRRRRRPPPPPSSSSS
RRRRRRRRRRRRRRRPRRRRRPSSSSSSSSSS
RRRRRRRRRRRRRRRPPPPPSSSSSSSSSSSS
RRPPPPPPPPPPPPPPPPPPPPSSSSSSSSSS
RRRRRRRRRRRRRPPPSSSSSSSSSSSSSSSS
RRRRRRRRRRRRRRRPRRRRRPPPPPPPPSSS
